2026-04-01 17:51:59:5159 [31merror[39m: [31mPrisma error: [39m
[31mInvalid `prisma.user.findUnique()` invocation in[39m
[31mC:\Users\PariksheetMoghekar\OneDrive - Harsh Sales Corporation\Desktop\New folder\recipe-management\backend\src\modules\auth\auth.service.js:49:34[39m

[31m  46  * Login with email and password[39m
[31m  47  */[39m
[31m  48 const login = async ({ email, password }) => {[39m
[31m→ 49   const user = await prisma.user.findUnique([39m
[31merror: Environment variable not found: DATABASE_URL.[39m
[31m  -->  schema.prisma:8[39m
[31m   | [39m
[31m 7 |   provider = "postgresql"[39m
[31m 8 |   url      = env("DATABASE_URL")[39m
[31m   | [39m

[31mValidation Error Count: 1[39m
2026-04-01 17:51:59:5159 [31merror[39m: [31mPrismaClientInitializationError: [39m
[31mInvalid `prisma.user.findUnique()` invocation in[39m
[31mC:\Users\PariksheetMoghekar\OneDrive - Harsh Sales Corporation\Desktop\New folder\recipe-management\backend\src\modules\auth\auth.service.js:49:34[39m

[31m  46  * Login with email and password[39m
[31m  47  */[39m
[31m  48 const login = async ({ email, password }) => {[39m
[31m→ 49   const user = await prisma.user.findUnique([39m
[31merror: Environment variable not found: DATABASE_URL.[39m
[31m  -->  schema.prisma:8[39m
[31m   | [39m
[31m 7 |   provider = "postgresql"[39m
[31m 8 |   url      = env("DATABASE_URL")[39m
[31m   | [39m

[31mValidation Error Count: 1[39m
2026-04-01 17:53:30:5330 [31merror[39m: [31mPrisma error: [39m
[31mInvalid `prisma.user.findUnique()` invocation in[39m
[31mC:\Users\PariksheetMoghekar\OneDrive - Harsh Sales Corporation\Desktop\New folder\recipe-management\backend\src\modules\auth\auth.service.js:49:34[39m

[31m  46  * Login with email and password[39m
[31m  47  */[39m
[31m  48 const login = async ({ email, password }) => {[39m
[31m→ 49   const user = await prisma.user.findUnique([39m
[31merror: Environment variable not found: DATABASE_URL.[39m
[31m  -->  schema.prisma:8[39m
[31m   | [39m
[31m 7 |   provider = "postgresql"[39m
[31m 8 |   url      = env("DATABASE_URL")[39m
[31m   | [39m

[31mValidation Error Count: 1[39m
2026-04-01 17:53:30:5330 [31merror[39m: [31mPrismaClientInitializationError: [39m
[31mInvalid `prisma.user.findUnique()` invocation in[39m
[31mC:\Users\PariksheetMoghekar\OneDrive - Harsh Sales Corporation\Desktop\New folder\recipe-management\backend\src\modules\auth\auth.service.js:49:34[39m

[31m  46  * Login with email and password[39m
[31m  47  */[39m
[31m  48 const login = async ({ email, password }) => {[39m
[31m→ 49   const user = await prisma.user.findUnique([39m
[31merror: Environment variable not found: DATABASE_URL.[39m
[31m  -->  schema.prisma:8[39m
[31m   | [39m
[31m 7 |   provider = "postgresql"[39m
[31m 8 |   url      = env("DATABASE_URL")[39m
[31m   | [39m

[31mValidation Error Count: 1[39m
2026-04-01 17:54:27:5427 [31merror[39m: [31mPrisma error: [39m
[31mInvalid `prisma.user.findUnique()` invocation in[39m
[31mC:\Users\PariksheetMoghekar\OneDrive - Harsh Sales Corporation\Desktop\New folder\recipe-management\backend\src\modules\auth\auth.service.js:49:34[39m

[31m  46  * Login with email and password[39m
[31m  47  */[39m
[31m  48 const login = async ({ email, password }) => {[39m
[31m→ 49   const user = await prisma.user.findUnique([39m
[31merror: Environment variable not found: DATABASE_URL.[39m
[31m  -->  schema.prisma:8[39m
[31m   | [39m
[31m 7 |   provider = "postgresql"[39m
[31m 8 |   url      = env("DATABASE_URL")[39m
[31m   | [39m

[31mValidation Error Count: 1[39m
2026-04-01 17:54:27:5427 [31merror[39m: [31mPrismaClientInitializationError: [39m
[31mInvalid `prisma.user.findUnique()` invocation in[39m
[31mC:\Users\PariksheetMoghekar\OneDrive - Harsh Sales Corporation\Desktop\New folder\recipe-management\backend\src\modules\auth\auth.service.js:49:34[39m

[31m  46  * Login with email and password[39m
[31m  47  */[39m
[31m  48 const login = async ({ email, password }) => {[39m
[31m→ 49   const user = await prisma.user.findUnique([39m
[31merror: Environment variable not found: DATABASE_URL.[39m
[31m  -->  schema.prisma:8[39m
[31m   | [39m
[31m 7 |   provider = "postgresql"[39m
[31m 8 |   url      = env("DATABASE_URL")[39m
[31m   | [39m

[31mValidation Error Count: 1[39m
2026-04-01 17:54:56:5456 [31merror[39m: [31mPrisma error: [39m
[31mInvalid `prisma.user.findUnique()` invocation in[39m
[31mC:\Users\PariksheetMoghekar\OneDrive - Harsh Sales Corporation\Desktop\New folder\recipe-management\backend\src\modules\auth\auth.service.js:49:34[39m

[31m  46  * Login with email and password[39m
[31m  47  */[39m
[31m  48 const login = async ({ email, password }) => {[39m
[31m→ 49   const user = await prisma.user.findUnique([39m
[31merror: Environment variable not found: DATABASE_URL.[39m
[31m  -->  schema.prisma:8[39m
[31m   | [39m
[31m 7 |   provider = "postgresql"[39m
[31m 8 |   url      = env("DATABASE_URL")[39m
[31m   | [39m

[31mValidation Error Count: 1[39m
2026-04-01 17:54:56:5456 [31merror[39m: [31mPrismaClientInitializationError: [39m
[31mInvalid `prisma.user.findUnique()` invocation in[39m
[31mC:\Users\PariksheetMoghekar\OneDrive - Harsh Sales Corporation\Desktop\New folder\recipe-management\backend\src\modules\auth\auth.service.js:49:34[39m

[31m  46  * Login with email and password[39m
[31m  47  */[39m
[31m  48 const login = async ({ email, password }) => {[39m
[31m→ 49   const user = await prisma.user.findUnique([39m
[31merror: Environment variable not found: DATABASE_URL.[39m
[31m  -->  schema.prisma:8[39m
[31m   | [39m
[31m 7 |   provider = "postgresql"[39m
[31m 8 |   url      = env("DATABASE_URL")[39m
[31m   | [39m

[31mValidation Error Count: 1[39m
2026-04-01 17:55:49:5549 [31merror[39m: [31mPrisma error: [39m
[31mInvalid `prisma.user.findUnique()` invocation in[39m
[31mC:\Users\PariksheetMoghekar\OneDrive - Harsh Sales Corporation\Desktop\New folder\recipe-management\backend\src\modules\auth\auth.service.js:49:34[39m

[31m  46  * Login with email and password[39m
[31m  47  */[39m
[31m  48 const login = async ({ email, password }) => {[39m
[31m→ 49   const user = await prisma.user.findUnique([39m
[31merror: Environment variable not found: DATABASE_URL.[39m
[31m  -->  schema.prisma:8[39m
[31m   | [39m
[31m 7 |   provider = "postgresql"[39m
[31m 8 |   url      = env("DATABASE_URL")[39m
[31m   | [39m

[31mValidation Error Count: 1[39m
2026-04-01 17:55:49:5549 [31merror[39m: [31mPrismaClientInitializationError: [39m
[31mInvalid `prisma.user.findUnique()` invocation in[39m
[31mC:\Users\PariksheetMoghekar\OneDrive - Harsh Sales Corporation\Desktop\New folder\recipe-management\backend\src\modules\auth\auth.service.js:49:34[39m

[31m  46  * Login with email and password[39m
[31m  47  */[39m
[31m  48 const login = async ({ email, password }) => {[39m
[31m→ 49   const user = await prisma.user.findUnique([39m
[31merror: Environment variable not found: DATABASE_URL.[39m
[31m  -->  schema.prisma:8[39m
[31m   | [39m
[31m 7 |   provider = "postgresql"[39m
[31m 8 |   url      = env("DATABASE_URL")[39m
[31m   | [39m

[31mValidation Error Count: 1[39m
2026-04-01 17:57:05:575 [31merror[39m: [31mPrisma error: [39m
[31mInvalid `prisma.user.findUnique()` invocation in[39m
[31mC:\Users\PariksheetMoghekar\OneDrive - Harsh Sales Corporation\Desktop\New folder\recipe-management\backend\src\modules\auth\auth.service.js:49:34[39m

[31m  46  * Login with email and password[39m
[31m  47  */[39m
[31m  48 const login = async ({ email, password }) => {[39m
[31m→ 49   const user = await prisma.user.findUnique([39m
[31merror: Environment variable not found: DATABASE_URL.[39m
[31m  -->  schema.prisma:8[39m
[31m   | [39m
[31m 7 |   provider = "postgresql"[39m
[31m 8 |   url      = env("DATABASE_URL")[39m
[31m   | [39m

[31mValidation Error Count: 1[39m
2026-04-01 17:57:05:575 [31merror[39m: [31mPrismaClientInitializationError: [39m
[31mInvalid `prisma.user.findUnique()` invocation in[39m
[31mC:\Users\PariksheetMoghekar\OneDrive - Harsh Sales Corporation\Desktop\New folder\recipe-management\backend\src\modules\auth\auth.service.js:49:34[39m

[31m  46  * Login with email and password[39m
[31m  47  */[39m
[31m  48 const login = async ({ email, password }) => {[39m
[31m→ 49   const user = await prisma.user.findUnique([39m
[31merror: Environment variable not found: DATABASE_URL.[39m
[31m  -->  schema.prisma:8[39m
[31m   | [39m
[31m 7 |   provider = "postgresql"[39m
[31m 8 |   url      = env("DATABASE_URL")[39m
[31m   | [39m

[31mValidation Error Count: 1[39m
2026-04-01 17:57:26:5726 [31merror[39m: [31mPrisma error: [39m
[31mInvalid `prisma.user.findUnique()` invocation in[39m
[31mC:\Users\PariksheetMoghekar\OneDrive - Harsh Sales Corporation\Desktop\New folder\recipe-management\backend\src\modules\auth\auth.service.js:49:34[39m

[31m  46  * Login with email and password[39m
[31m  47  */[39m
[31m  48 const login = async ({ email, password }) => {[39m
[31m→ 49   const user = await prisma.user.findUnique([39m
[31merror: Environment variable not found: DATABASE_URL.[39m
[31m  -->  schema.prisma:8[39m
[31m   | [39m
[31m 7 |   provider = "postgresql"[39m
[31m 8 |   url      = env("DATABASE_URL")[39m
[31m   | [39m

[31mValidation Error Count: 1[39m
2026-04-01 17:57:26:5726 [31merror[39m: [31mPrismaClientInitializationError: [39m
[31mInvalid `prisma.user.findUnique()` invocation in[39m
[31mC:\Users\PariksheetMoghekar\OneDrive - Harsh Sales Corporation\Desktop\New folder\recipe-management\backend\src\modules\auth\auth.service.js:49:34[39m

[31m  46  * Login with email and password[39m
[31m  47  */[39m
[31m  48 const login = async ({ email, password }) => {[39m
[31m→ 49   const user = await prisma.user.findUnique([39m
[31merror: Environment variable not found: DATABASE_URL.[39m
[31m  -->  schema.prisma:8[39m
[31m   | [39m
[31m 7 |   provider = "postgresql"[39m
[31m 8 |   url      = env("DATABASE_URL")[39m
[31m   | [39m

[31mValidation Error Count: 1[39m
2026-04-01 17:57:48:5748 [31merror[39m: [31mPrisma error: [39m
[31mInvalid `prisma.user.findUnique()` invocation in[39m
[31mC:\Users\PariksheetMoghekar\OneDrive - Harsh Sales Corporation\Desktop\New folder\recipe-management\backend\src\modules\auth\auth.service.js:49:34[39m

[31m  46  * Login with email and password[39m
[31m  47  */[39m
[31m  48 const login = async ({ email, password }) => {[39m
[31m→ 49   const user = await prisma.user.findUnique([39m
[31merror: Environment variable not found: DATABASE_URL.[39m
[31m  -->  schema.prisma:8[39m
[31m   | [39m
[31m 7 |   provider = "postgresql"[39m
[31m 8 |   url      = env("DATABASE_URL")[39m
[31m   | [39m

[31mValidation Error Count: 1[39m
2026-04-01 17:57:48:5748 [31merror[39m: [31mPrismaClientInitializationError: [39m
[31mInvalid `prisma.user.findUnique()` invocation in[39m
[31mC:\Users\PariksheetMoghekar\OneDrive - Harsh Sales Corporation\Desktop\New folder\recipe-management\backend\src\modules\auth\auth.service.js:49:34[39m

[31m  46  * Login with email and password[39m
[31m  47  */[39m
[31m  48 const login = async ({ email, password }) => {[39m
[31m→ 49   const user = await prisma.user.findUnique([39m
[31merror: Environment variable not found: DATABASE_URL.[39m
[31m  -->  schema.prisma:8[39m
[31m   | [39m
[31m 7 |   provider = "postgresql"[39m
[31m 8 |   url      = env("DATABASE_URL")[39m
[31m   | [39m

[31mValidation Error Count: 1[39m
2026-04-01 18:04:34:434 [31merror[39m: [31mPrisma error: [39m
[31mInvalid `prisma.user.findUnique()` invocation in[39m
[31mC:\Users\PariksheetMoghekar\OneDrive - Harsh Sales Corporation\Desktop\New folder\recipe-management\backend\src\modules\auth\auth.service.js:49:34[39m

[31m  46  * Login with email and password[39m
[31m  47  */[39m
[31m  48 const login = async ({ email, password }) => {[39m
[31m→ 49   const user = await prisma.user.findUnique([39m
[31merror: Environment variable not found: DATABASE_URL.[39m
[31m  -->  schema.prisma:8[39m
[31m   | [39m
[31m 7 |   provider = "postgresql"[39m
[31m 8 |   url      = env("DATABASE_URL")[39m
[31m   | [39m

[31mValidation Error Count: 1[39m
2026-04-01 18:04:34:434 [31merror[39m: [31mPrismaClientInitializationError: [39m
[31mInvalid `prisma.user.findUnique()` invocation in[39m
[31mC:\Users\PariksheetMoghekar\OneDrive - Harsh Sales Corporation\Desktop\New folder\recipe-management\backend\src\modules\auth\auth.service.js:49:34[39m

[31m  46  * Login with email and password[39m
[31m  47  */[39m
[31m  48 const login = async ({ email, password }) => {[39m
[31m→ 49   const user = await prisma.user.findUnique([39m
[31merror: Environment variable not found: DATABASE_URL.[39m
[31m  -->  schema.prisma:8[39m
[31m   | [39m
[31m 7 |   provider = "postgresql"[39m
[31m 8 |   url      = env("DATABASE_URL")[39m
[31m   | [39m

[31mValidation Error Count: 1[39m
2026-04-02 10:50:36:5036 [31merror[39m: [31mPrisma error: [39m
[31mInvalid `prisma.user.findUnique()` invocation in[39m
[31mC:\Users\PariksheetMoghekar\OneDrive - Harsh Sales Corporation\Desktop\New folder\recipe-management\backend\src\modules\auth\auth.service.js:49:34[39m

[31m  46  * Login with email and password[39m
[31m  47  */[39m
[31m  48 const login = async ({ email, password }) => {[39m
[31m→ 49   const user = await prisma.user.findUnique([39m
[31merror: Environment variable not found: DATABASE_URL.[39m
[31m  -->  schema.prisma:8[39m
[31m   | [39m
[31m 7 |   provider = "postgresql"[39m
[31m 8 |   url      = env("DATABASE_URL")[39m
[31m   | [39m

[31mValidation Error Count: 1[39m
2026-04-02 10:50:36:5036 [31merror[39m: [31mPrismaClientInitializationError: [39m
[31mInvalid `prisma.user.findUnique()` invocation in[39m
[31mC:\Users\PariksheetMoghekar\OneDrive - Harsh Sales Corporation\Desktop\New folder\recipe-management\backend\src\modules\auth\auth.service.js:49:34[39m

[31m  46  * Login with email and password[39m
[31m  47  */[39m
[31m  48 const login = async ({ email, password }) => {[39m
[31m→ 49   const user = await prisma.user.findUnique([39m
[31merror: Environment variable not found: DATABASE_URL.[39m
[31m  -->  schema.prisma:8[39m
[31m   | [39m
[31m 7 |   provider = "postgresql"[39m
[31m 8 |   url      = env("DATABASE_URL")[39m
[31m   | [39m

[31mValidation Error Count: 1[39m
2026-04-02 11:02:22:222 [31merror[39m: [31mPrisma error: [39m
[31mInvalid `prisma.user.findUnique()` invocation in[39m
[31mC:\Users\PariksheetMoghekar\OneDrive - Harsh Sales Corporation\Desktop\New folder\recipe-management\backend\src\modules\auth\auth.service.js:49:34[39m

[31m  46  * Login with email and password[39m
[31m  47  */[39m
[31m  48 const login = async ({ email, password }) => {[39m
[31m→ 49   const user = await prisma.user.findUnique([39m
[31mAuthentication failed against database server at `localhost`, the provided database credentials for `root` are not valid.[39m

[31mPlease make sure to provide valid database credentials for the database server at `localhost`.[39m
2026-04-02 11:02:22:222 [31merror[39m: [31mPrismaClientInitializationError: [39m
[31mInvalid `prisma.user.findUnique()` invocation in[39m
[31mC:\Users\PariksheetMoghekar\OneDrive - Harsh Sales Corporation\Desktop\New folder\recipe-management\backend\src\modules\auth\auth.service.js:49:34[39m

[31m  46  * Login with email and password[39m
[31m  47  */[39m
[31m  48 const login = async ({ email, password }) => {[39m
[31m→ 49   const user = await prisma.user.findUnique([39m
[31mAuthentication failed against database server at `localhost`, the provided database credentials for `root` are not valid.[39m

[31mPlease make sure to provide valid database credentials for the database server at `localhost`.[39m
2026-04-02 11:09:41:941 [31merror[39m: [31mAppError: Invalid email or password[39m
2026-04-02 11:10:04:104 [31merror[39m: [31mAppError: Invalid email or password[39m
2026-04-02 11:11:30:1130 [31merror[39m: [31mAppError: Invalid email or password[39m
2026-04-02 11:12:33:1233 [31merror[39m: [31mAppError: Recipe not found[39m
2026-04-02 11:12:33:1233 [31merror[39m: [31mAppError: Recipe not found[39m
2026-04-02 11:12:34:1234 [31merror[39m: [31mAppError: Recipe not found[39m
2026-04-02 11:12:34:1234 [31merror[39m: [31mAppError: Recipe not found[39m
2026-04-02 11:18:20:1820 [31merror[39m: [31mAppError: No costing data found. Add ingredients and recalculate.[39m
2026-04-02 11:18:21:1821 [31merror[39m: [31mAppError: No costing data found. Add ingredients and recalculate.[39m
2026-04-02 11:19:25:1925 [31merror[39m: [31mAppError: No costing data found. Add ingredients and recalculate.[39m
2026-04-02 11:19:26:1926 [31merror[39m: [31mAppError: No costing data found. Add ingredients and recalculate.[39m
2026-04-02 11:19:46:1946 [31merror[39m: [31mAppError: No costing data found. Add ingredients and recalculate.[39m
2026-04-02 11:19:46:1946 [31merror[39m: [31mAppError: No costing data found. Add ingredients and recalculate.[39m
2026-04-02 11:19:47:1947 [31merror[39m: [31mAppError: No costing data found. Add ingredients and recalculate.[39m
2026-04-02 11:19:50:1950 [31merror[39m: [31mAppError: No costing data found. Add ingredients and recalculate.[39m
2026-04-02 11:20:08:208 [31merror[39m: [31mAppError: No costing data found. Add ingredients and recalculate.[39m
2026-04-02 11:20:10:2010 [31merror[39m: [31mAppError: No costing data found. Add ingredients and recalculate.[39m
2026-04-02 11:20:10:2010 [31merror[39m: [31mAppError: No costing data found. Add ingredients and recalculate.[39m
2026-04-02 11:20:11:2011 [31merror[39m: [31mAppError: No costing data found. Add ingredients and recalculate.[39m
2026-04-02 11:20:11:2011 [31merror[39m: [31mAppError: No costing data found. Add ingredients and recalculate.[39m
2026-04-02 11:20:11:2011 [31merror[39m: [31mAppError: No costing data found. Add ingredients and recalculate.[39m
2026-04-02 11:20:12:2012 [31merror[39m: [31mAppError: No costing data found. Add ingredients and recalculate.[39m
2026-04-02 11:33:11:3311 [31merror[39m: [31mAppError: Invalid email or password[39m
2026-04-02 12:27:28:2728 [31merror[39m: [31mAppError: Recipe cannot be edited in 'ACTIVE' status. Create a new version for approved/active recipes.[39m
2026-04-02 12:27:40:2740 [31merror[39m: [31mAppError: Recipe cannot be edited in 'ACTIVE' status. Create a new version for approved/active recipes.[39m
